<?xml version="1.0" encoding="UTF-8"?>
<!-- Generated by org.testng.reporters.JUnitReportReporter -->
<testsuite hostname="5CG1265QHJ" failures="0" tests="1" name="testcases.Loginapplication" time="8.749" errors="0" timestamp="2022-03-09T16:14:14 IST" skipped="0">
  <testcase classname="testcases.Loginapplication" name="Login" time="8.749"/>
  <system-out/>
</testsuite> <!-- testcases.Loginapplication -->
