<?xml version="1.0" encoding="UTF-8"?>
<!-- Generated by org.testng.reporters.JUnitReportReporter -->
<testsuite hostname="5CG1265QHJ" failures="0" tests="1" name="testcases.LoginapplicationPF" time="8.876" errors="0" timestamp="2022-03-10T07:54:10 IST" skipped="0">
  <testcase classname="testcases.LoginapplicationPF" name="Login" time="8.876"/>
  <system-out/>
</testsuite> <!-- testcases.LoginapplicationPF -->
